{"id":1,"type":"info","level":2,"name":"app","meta":{},"content":"\u001b[38;5;15;1mKoishi/4.17.5\u001b[0m","timestamp":1714910354885}
{"id":2,"type":"info","level":2,"name":"loader","meta":{},"content":"apply plugin \u001b[38;5;45mgroup:entry\u001b[0m","timestamp":1714910354894}
{"id":3,"type":"info","level":2,"name":"loader","meta":{},"content":"apply plugin \u001b[38;5;45mgroup:server\u001b[0m","timestamp":1714910354894}
{"id":4,"type":"info","level":2,"name":"loader","meta":{},"content":"apply plugin \u001b[38;5;45mserver:14g1nf\u001b[0m","timestamp":1714910354894}
{"id":5,"type":"info","level":2,"name":"loader","meta":{},"content":"apply plugin \u001b[38;5;45mgroup:basic\u001b[0m","timestamp":1714910354940}
{"id":6,"type":"info","level":2,"name":"loader","meta":{},"content":"apply plugin \u001b[38;5;45mcommands:ui5nh1\u001b[0m","timestamp":1714910354941}
{"id":7,"type":"info","level":2,"name":"loader","meta":{},"content":"apply plugin \u001b[38;5;45mhelp:b623ph\u001b[0m","timestamp":1714910354942}
{"id":8,"type":"info","level":2,"name":"loader","meta":{},"content":"apply plugin \u001b[38;5;45mlocales:wwvmhq\u001b[0m","timestamp":1714910354943}
{"id":9,"type":"info","level":2,"name":"loader","meta":{},"content":"apply plugin \u001b[38;5;45mproxy-agent:51vqg6\u001b[0m","timestamp":1714910354945}
{"id":10,"type":"info","level":2,"name":"loader","meta":{},"content":"apply plugin \u001b[38;5;45mrate-limit:m78diy\u001b[0m","timestamp":1714910354995}
{"id":11,"type":"info","level":2,"name":"loader","meta":{},"content":"apply plugin \u001b[38;5;45mtelemetry:egsrfp\u001b[0m","timestamp":1714910354996}
{"id":12,"type":"info","level":2,"name":"loader","meta":{},"content":"apply plugin \u001b[38;5;45mgroup:console\u001b[0m","timestamp":1714910354997}
{"id":13,"type":"info","level":2,"name":"loader","meta":{},"content":"apply plugin \u001b[38;5;45mactions:97haoh\u001b[0m","timestamp":1714910354998}
{"id":14,"type":"info","level":2,"name":"loader","meta":{},"content":"apply plugin \u001b[38;5;45manalytics:3p0qhk\u001b[0m","timestamp":1714910354998}
{"id":15,"type":"info","level":2,"name":"loader","meta":{},"content":"apply plugin \u001b[38;5;45mconfig:abtjcl\u001b[0m","timestamp":1714910355000}
{"id":16,"type":"info","level":2,"name":"loader","meta":{},"content":"apply plugin \u001b[38;5;45mconsole:o88xmw\u001b[0m","timestamp":1714910355016}
{"id":17,"type":"info","level":2,"name":"loader","meta":{},"content":"apply plugin \u001b[38;5;45mdataview:y5vkrj\u001b[0m","timestamp":1714910355020}
{"id":18,"type":"info","level":2,"name":"loader","meta":{},"content":"apply plugin \u001b[38;5;45mexplorer:kbf0gn\u001b[0m","timestamp":1714910355021}
{"id":19,"type":"info","level":2,"name":"loader","meta":{},"content":"apply plugin \u001b[38;5;45mlogger:cldvc4\u001b[0m","timestamp":1714910355036}
{"id":20,"type":"info","level":2,"name":"loader","meta":{},"content":"apply plugin \u001b[38;5;45minsight:3p82aw\u001b[0m","timestamp":1714910355037}
{"id":21,"type":"info","level":2,"name":"loader","meta":{},"content":"apply plugin \u001b[38;5;45mmarket:9bx2mf\u001b[0m","timestamp":1714910355038}
{"id":22,"type":"info","level":2,"name":"loader","meta":{},"content":"apply plugin \u001b[38;5;45mnotifier:uuxidq\u001b[0m","timestamp":1714910355052}
{"id":23,"type":"info","level":2,"name":"loader","meta":{},"content":"apply plugin \u001b[38;5;45moobe:ypzy1n\u001b[0m","timestamp":1714910355055}
{"id":24,"type":"info","level":2,"name":"loader","meta":{},"content":"apply plugin \u001b[38;5;45msandbox:i3rxgd\u001b[0m","timestamp":1714910355057}
{"id":25,"type":"info","level":2,"name":"loader","meta":{},"content":"apply plugin \u001b[38;5;45mstatus:jqnzlh\u001b[0m","timestamp":1714910355059}
{"id":26,"type":"info","level":2,"name":"loader","meta":{},"content":"apply plugin \u001b[38;5;45mtheme-vanilla:r7709z\u001b[0m","timestamp":1714910355072}
{"id":27,"type":"info","level":2,"name":"loader","meta":{},"content":"apply plugin \u001b[38;5;45mgroup:storage\u001b[0m","timestamp":1714910355073}
{"id":28,"type":"info","level":2,"name":"loader","meta":{},"content":"apply plugin \u001b[38;5;45mdatabase-sqlite:pu0ymn\u001b[0m","timestamp":1714910355073}
{"id":29,"type":"info","level":2,"name":"loader","meta":{},"content":"apply plugin \u001b[38;5;45massets-local:34jebc\u001b[0m","timestamp":1714910355078}
{"id":30,"type":"info","level":2,"name":"loader","meta":{},"content":"apply plugin \u001b[38;5;45mgroup:adapter\u001b[0m","timestamp":1714910355080}
{"id":31,"type":"info","level":2,"name":"assets","meta":{},"content":"missing config \"selfUrl\", fallback to \"file:\" scheme","timestamp":1714910355098}
{"id":32,"type":"info","level":2,"name":"server","meta":{},"content":"server listening at \u001b[38;5;57mhttp://127.0.0.1:5141\u001b[0m","timestamp":1714910355139}
{"id":33,"type":"info","level":2,"name":"console","meta":{},"content":"webui is available at \u001b[38;5;166mhttp://127.0.0.1:5141\u001b[0m","timestamp":1714910355140}
{"id":59,"type":"warn","level":2,"name":"market","meta":{},"content":"[0.00ms] \".env\"","timestamp":1714910363795}
{"id":60,"type":"warn","level":2,"name":"market","meta":{},"content":"bun add v1.1.7 (b0b7db5c)","timestamp":1714910363799}
{"id":61,"type":"warn","level":2,"name":"market","meta":{},"content":" Resolving dependencies","timestamp":1714910363801}
{"id":62,"type":"warn","level":2,"name":"market","meta":{},"content":"error: InstallFailed extracting tarball for https://registry.npmmirror.com","timestamp":1714910363973}
{"id":63,"type":"warn","level":2,"name":"market","meta":{},"content":" Resolved, downloaded and extracted [6]","timestamp":1714910364412}
{"id":64,"type":"warn","level":2,"name":"market","meta":{},"content":"error: ZlibError decompressing \"https://registry.npmmirror.com\" to \".57febfeffe7f6efe-00000001.//registry.npmmirror.com\"","timestamp":1714910364413}
{"id":65,"type":"warn","level":2,"name":"market","meta":{},"content":"[0.00ms] \".env\"","timestamp":1714910375686}
{"id":66,"type":"warn","level":2,"name":"market","meta":{},"content":"bun add v1.1.7 (b0b7db5c)","timestamp":1714910375690}
{"id":67,"type":"warn","level":2,"name":"market","meta":{},"content":" Resolving dependencies","timestamp":1714910375691}
{"id":68,"type":"warn","level":2,"name":"market","meta":{},"content":"error: InstallFailed extracting tarball for https://registry.npmmirror.com","timestamp":1714910375831}
