{"id":1,"type":"info","level":2,"name":"app","meta":{},"content":"\u001b[38;5;15;1mKoishi/4.17.5\u001b[0m","timestamp":1714913725144}
{"id":2,"type":"info","level":2,"name":"loader","meta":{},"content":"apply plugin \u001b[38;5;45mgroup:entry\u001b[0m","timestamp":1714913725152}
{"id":3,"type":"info","level":2,"name":"loader","meta":{},"content":"apply plugin \u001b[38;5;45mgroup:server\u001b[0m","timestamp":1714913725153}
{"id":4,"type":"info","level":2,"name":"loader","meta":{},"content":"apply plugin \u001b[38;5;45mserver:14g1nf\u001b[0m","timestamp":1714913725153}
{"id":5,"type":"info","level":2,"name":"loader","meta":{},"content":"apply plugin \u001b[38;5;45mgroup:basic\u001b[0m","timestamp":1714913725204}
{"id":6,"type":"info","level":2,"name":"loader","meta":{},"content":"apply plugin \u001b[38;5;45mcommands:ui5nh1\u001b[0m","timestamp":1714913725205}
{"id":7,"type":"info","level":2,"name":"loader","meta":{},"content":"apply plugin \u001b[38;5;45mhelp:b623ph\u001b[0m","timestamp":1714913725206}
{"id":8,"type":"info","level":2,"name":"loader","meta":{},"content":"apply plugin \u001b[38;5;45mlocales:wwvmhq\u001b[0m","timestamp":1714913725207}
{"id":9,"type":"info","level":2,"name":"loader","meta":{},"content":"apply plugin \u001b[38;5;45mproxy-agent:51vqg6\u001b[0m","timestamp":1714913725209}
{"id":10,"type":"info","level":2,"name":"loader","meta":{},"content":"apply plugin \u001b[38;5;45mrate-limit:m78diy\u001b[0m","timestamp":1714913725263}
{"id":11,"type":"info","level":2,"name":"loader","meta":{},"content":"apply plugin \u001b[38;5;45mtelemetry:egsrfp\u001b[0m","timestamp":1714913725264}
{"id":12,"type":"info","level":2,"name":"loader","meta":{},"content":"apply plugin \u001b[38;5;45mgroup:console\u001b[0m","timestamp":1714913725265}
{"id":13,"type":"info","level":2,"name":"loader","meta":{},"content":"apply plugin \u001b[38;5;45mactions:97haoh\u001b[0m","timestamp":1714913725266}
{"id":14,"type":"info","level":2,"name":"loader","meta":{},"content":"apply plugin \u001b[38;5;45manalytics:3p0qhk\u001b[0m","timestamp":1714913725267}
{"id":15,"type":"info","level":2,"name":"loader","meta":{},"content":"apply plugin \u001b[38;5;45mconfig:abtjcl\u001b[0m","timestamp":1714913725268}
{"id":16,"type":"info","level":2,"name":"loader","meta":{},"content":"apply plugin \u001b[38;5;45mconsole:o88xmw\u001b[0m","timestamp":1714913725286}
{"id":17,"type":"info","level":2,"name":"loader","meta":{},"content":"apply plugin \u001b[38;5;45mdataview:y5vkrj\u001b[0m","timestamp":1714913725290}
{"id":18,"type":"info","level":2,"name":"loader","meta":{},"content":"apply plugin \u001b[38;5;45mexplorer:kbf0gn\u001b[0m","timestamp":1714913725292}
{"id":19,"type":"info","level":2,"name":"loader","meta":{},"content":"apply plugin \u001b[38;5;45mlogger:cldvc4\u001b[0m","timestamp":1714913725308}
{"id":20,"type":"info","level":2,"name":"loader","meta":{},"content":"apply plugin \u001b[38;5;45minsight:3p82aw\u001b[0m","timestamp":1714913725309}
{"id":21,"type":"info","level":2,"name":"loader","meta":{},"content":"apply plugin \u001b[38;5;45mmarket:9bx2mf\u001b[0m","timestamp":1714913725310}
{"id":22,"type":"info","level":2,"name":"loader","meta":{},"content":"apply plugin \u001b[38;5;45mnotifier:uuxidq\u001b[0m","timestamp":1714913725325}
{"id":23,"type":"info","level":2,"name":"loader","meta":{},"content":"apply plugin \u001b[38;5;45moobe:ypzy1n\u001b[0m","timestamp":1714913725326}
{"id":24,"type":"info","level":2,"name":"loader","meta":{},"content":"apply plugin \u001b[38;5;45msandbox:i3rxgd\u001b[0m","timestamp":1714913725327}
{"id":25,"type":"info","level":2,"name":"loader","meta":{},"content":"apply plugin \u001b[38;5;45mstatus:jqnzlh\u001b[0m","timestamp":1714913725330}
{"id":26,"type":"info","level":2,"name":"loader","meta":{},"content":"apply plugin \u001b[38;5;45mtheme-vanilla:r7709z\u001b[0m","timestamp":1714913725343}
{"id":27,"type":"info","level":2,"name":"loader","meta":{},"content":"apply plugin \u001b[38;5;45mgroup:storage\u001b[0m","timestamp":1714913725344}
{"id":28,"type":"info","level":2,"name":"loader","meta":{},"content":"apply plugin \u001b[38;5;45mdatabase-sqlite:pu0ymn\u001b[0m","timestamp":1714913725345}
{"id":29,"type":"info","level":2,"name":"loader","meta":{},"content":"apply plugin \u001b[38;5;45massets-local:34jebc\u001b[0m","timestamp":1714913725349}
{"id":30,"type":"info","level":2,"name":"loader","meta":{},"content":"apply plugin \u001b[38;5;45mgroup:adapter\u001b[0m","timestamp":1714913725351}
{"id":31,"type":"info","level":2,"name":"assets","meta":{},"content":"missing config \"selfUrl\", fallback to \"file:\" scheme","timestamp":1714913725369}
{"id":32,"type":"info","level":2,"name":"server","meta":{},"content":"server listening at \u001b[38;5;57mhttp://127.0.0.1:5141\u001b[0m","timestamp":1714913725409}
{"id":33,"type":"info","level":2,"name":"console","meta":{},"content":"webui is available at \u001b[38;5;166mhttp://127.0.0.1:5141\u001b[0m","timestamp":1714913725409}
{"id":58,"type":"info","level":2,"name":"loader","meta":{},"content":"apply plugin \u001b[38;5;45mstnb:a0oo15\u001b[0m","timestamp":1714913739140}
